0 verbose cli /opt/homebrew/Cellar/node/25.2.1/bin/node /opt/homebrew/lib/node_modules/npm/bin/npm-cli.js
1 info using npm@11.6.2
2 info using node@v25.2.1
3 silly config load:file:/opt/homebrew/lib/node_modules/npm/npmrc
4 silly config load:file:/Users/hanjinlee/Desktop/projects/qrAd/front-spotLine/.npmrc
5 silly config load:file:/Users/hanjinlee/Desktop/projects/qrAd/front-spotLine/~/.npmrc
6 silly config load:file:/opt/homebrew/etc/npmrc
7 verbose title npm exec next build
8 verbose argv "exec" "--" "next" "build"
9 verbose logfile logs-max:10 dir:/Users/hanjinlee/Desktop/projects/qrAd/front-spotLine/~/.npm/_logs/2026-05-15T06_53_16_211Z-
10 verbose logfile /Users/hanjinlee/Desktop/projects/qrAd/front-spotLine/~/.npm/_logs/2026-05-15T06_53_16_211Z-debug-0.log
11 silly logfile done cleaning log files
12 http fetch GET 200 https://registry.npmjs.org/npm 425ms
13 verbose cwd /Users/hanjinlee/Desktop/projects/qrAd/front-spotLine
14 verbose os Darwin 25.3.0
15 verbose node v25.2.1
16 verbose npm  v11.6.2
17 notice
17 notice New minor version of npm available! 11.6.2 -> 11.14.1
17 notice Changelog: https://github.com/npm/cli/releases/tag/v11.14.1
17 notice To update run: npm install -g npm@11.14.1
17 notice  { force: true, Symbol(proc-log.meta): true }
18 verbose exit 0
19 info ok
